<?xml version="1.0" encoding="UTF-8"?>
<!-- Generated by org.testng.reporters.JUnitReportReporter -->
<testsuite hostname="BCTCL-HP348107" failures="0" tests="2" name="org.data.UserTest" time="0.697" errors="0" timestamp="2024-12-03T10:36:55 IST" skipped="0">
  <testcase classname="org.data.UserTest" name="testValidEmail" time="0.492"/>
  <system-out/>
  <testcase classname="org.data.UserTest" name="testStrongPassword" time="0.205"/>
  <system-out/>
</testsuite> <!-- org.data.UserTest -->
